AR_Test/Library/Bee/Android/Prj/Mono2x/Gradle/unityLibrary/build/intermediates/manifest_merge_blame_file/release/manifest-merger-blame-release-report.txt
1<?xml version="1.0" encoding="utf-8"?>
2<manifest xmlns:android="http://schemas.android.com/apk/res/android"
3    xmlns:tools="http://schemas.android.com/tools"
4    package="com.unity3d.player"
5    android:versionCode="1"
6    android:versionName="0.1" >
7
8    <uses-sdk
9        android:minSdkVersion="26"
9-->src\main\AndroidManifest.xml
10        android:targetSdkVersion="31" />
10-->src\main\AndroidManifest.xml
11
12    <uses-feature android:glEsVersion="0x00030000" />
12-->src\main\AndroidManifest.xml:20:3-52
12-->src\main\AndroidManifest.xml:20:17-49
13
14    <uses-permission android:name="android.permission.INTERNET" />
14-->src\main\AndroidManifest.xml:21:3-65
14-->src\main\AndroidManifest.xml:21:20-62
15    <uses-permission android:name="android.permission.ACCESS_NETWORK_STATE" />
15-->src\main\AndroidManifest.xml:22:3-77
15-->src\main\AndroidManifest.xml:22:20-74
16
17    <uses-feature
17-->src\main\AndroidManifest.xml:23:3-88
18        android:name="android.hardware.touchscreen"
18-->src\main\AndroidManifest.xml:23:17-60
19        android:required="false" />
19-->src\main\AndroidManifest.xml:23:61-85
20    <uses-feature
20-->src\main\AndroidManifest.xml:24:3-99
21        android:name="android.hardware.touchscreen.multitouch"
21-->src\main\AndroidManifest.xml:24:17-71
22        android:required="false" />
22-->src\main\AndroidManifest.xml:24:72-96
23    <uses-feature
23-->src\main\AndroidManifest.xml:25:3-108
24        android:name="android.hardware.touchscreen.multitouch.distinct"
24-->src\main\AndroidManifest.xml:25:17-80
25        android:required="false" />
25-->src\main\AndroidManifest.xml:25:81-105
26
27    <uses-permission android:name="android.permission.CAMERA" />
27-->src\main\AndroidManifest.xml:26:3-63
27-->src\main\AndroidManifest.xml:26:20-60
28
29    <uses-feature
29-->src\main\AndroidManifest.xml:27:3-85
30        android:name="android.hardware.camera.ar"
30-->src\main\AndroidManifest.xml:27:17-58
31        android:required="true" />
31-->src\main\AndroidManifest.xml:27:59-82
32    <uses-feature
32-->src\main\AndroidManifest.xml:28:3-83
33        android:name="com.google.ar.core.depth"
33-->src\main\AndroidManifest.xml:28:17-56
34        android:required="true" />
34-->src\main\AndroidManifest.xml:28:57-80
35
36    <application android:extractNativeLibs="true" >
36-->src\main\AndroidManifest.xml:3:3-19:17
36-->src\main\AndroidManifest.xml:3:16-48
37        <activity
37-->src\main\AndroidManifest.xml:4:5-11:16
38            android:name="com.unity3d.player.UnityPlayerActivity"
38-->src\main\AndroidManifest.xml:4:15-68
39            android:configChanges="mcc|mnc|locale|touchscreen|keyboard|keyboardHidden|navigation|orientation|screenLayout|uiMode|screenSize|smallestScreenSize|fontScale|layoutDirection|density"
39-->src\main\AndroidManifest.xml:4:182-363
40            android:exported="true"
40-->src\main\AndroidManifest.xml:4:435-458
41            android:hardwareAccelerated="false"
41-->src\main\AndroidManifest.xml:4:399-434
42            android:launchMode="singleTask"
42-->src\main\AndroidManifest.xml:4:150-181
43            android:resizeableActivity="false"
43-->src\main\AndroidManifest.xml:4:364-398
44            android:screenOrientation="fullSensor"
44-->src\main\AndroidManifest.xml:4:111-149
45            android:theme="@style/UnityThemeSelector" >
45-->src\main\AndroidManifest.xml:4:69-110
46            <intent-filter>
46-->src\main\AndroidManifest.xml:5:7-8:23
47                <action android:name="android.intent.action.MAIN" />
47-->src\main\AndroidManifest.xml:6:9-61
47-->src\main\AndroidManifest.xml:6:17-58
48
49                <category android:name="android.intent.category.LAUNCHER" />
49-->src\main\AndroidManifest.xml:7:9-69
49-->src\main\AndroidManifest.xml:7:19-66
50            </intent-filter>
51
52            <meta-data
52-->src\main\AndroidManifest.xml:9:7-82
53                android:name="unityplayer.UnityActivity"
53-->src\main\AndroidManifest.xml:9:18-58
54                android:value="true" />
54-->src\main\AndroidManifest.xml:9:59-79
55            <meta-data
55-->src\main\AndroidManifest.xml:10:7-78
56                android:name="android.notch_support"
56-->src\main\AndroidManifest.xml:10:18-54
57                android:value="true" />
57-->src\main\AndroidManifest.xml:10:55-75
58        </activity>
59
60        <meta-data
60-->src\main\AndroidManifest.xml:12:5-69
61            android:name="unity.splash-mode"
61-->src\main\AndroidManifest.xml:12:16-48
62            android:value="0" />
62-->src\main\AndroidManifest.xml:12:49-66
63        <meta-data
63-->src\main\AndroidManifest.xml:13:5-74
64            android:name="unity.splash-enable"
64-->src\main\AndroidManifest.xml:13:16-50
65            android:value="True" />
65-->src\main\AndroidManifest.xml:13:51-71
66        <meta-data
66-->src\main\AndroidManifest.xml:14:5-78
67            android:name="unity.launch-fullscreen"
67-->src\main\AndroidManifest.xml:14:16-54
68            android:value="True" />
68-->src\main\AndroidManifest.xml:14:55-75
69        <meta-data
69-->src\main\AndroidManifest.xml:15:5-84
70            android:name="unity.allow-resizable-window"
70-->src\main\AndroidManifest.xml:15:16-59
71            android:value="False" />
71-->src\main\AndroidManifest.xml:15:60-81
72        <meta-data
72-->src\main\AndroidManifest.xml:16:5-81
73            android:name="notch.config"
73-->src\main\AndroidManifest.xml:16:16-43
74            android:value="portrait|landscape" />
74-->src\main\AndroidManifest.xml:16:44-78
75        <meta-data
75-->src\main\AndroidManifest.xml:17:5-88
76            android:name="unityplayer.SkipPermissionsDialog"
76-->src\main\AndroidManifest.xml:17:16-64
77            android:value="true" />
77-->src\main\AndroidManifest.xml:17:65-85
78        <meta-data
78-->src\main\AndroidManifest.xml:18:5-77
79            android:name="com.google.ar.core"
79-->src\main\AndroidManifest.xml:18:16-49
80            android:value="required" />
80-->src\main\AndroidManifest.xml:18:50-74
81    </application>
82
83</manifest>